<?xml version="1.0" encoding="UTF-8"?>
<!-- Generated by org.testng.reporters.JUnitReportReporter -->
<testsuite skipped="0" hostname="CDC2-D-CGNRXJ2" name="demo" tests="1" failures="0" timestamp="2019-09-23T10:28:24 IST" time="110.528" errors="0">
  <testcase name="f" time="110.528" classname="demo"/>
</testsuite> <!-- demo -->
