<?xml version="1.0" encoding="UTF-8"?>
<!-- Generated by org.testng.reporters.JUnitReportReporter -->
<testsuite skipped="0" hostname="CDC2-D-CGNRXJ2" name="OnlineShoppingTest" tests="1" failures="0" timestamp="2019-09-24T09:21:28 IST" time="16.421" errors="0">
  <testcase name="testRegistrtion" time="16.421" classname="OnlineShoppingTest"/>
</testsuite> <!-- OnlineShoppingTest -->
