<?xml version="1.0" encoding="UTF-8"?>
<!-- Generated by org.testng.reporters.JUnitReportReporter -->
<testsuite skipped="0" hostname="CDC2-D-CGNRXJ2" name="study" tests="3" failures="0" timestamp="2019-09-24T08:57:07 IST" time="96.522" errors="0">
  <testcase name="testLogin" time="22.587" classname="study"/>
  <testcase name="testCart" time="29.154" classname="study"/>
  <testcase name="testPayment" time="44.781" classname="study"/>
</testsuite> <!-- study -->
